<?xml version="1.0" encoding="UTF-8"?>
<!-- Generated by org.testng.reporters.JUnitReportReporter -->
<testsuite hostname="Admin-PC" name="HappyFlow.AddProductsToCart" tests="5" failures="0" timestamp="26 Oct 2019 00:31:22 GMT" time="37.394" errors="0">
  <testcase name="completePurchase" time="6.408" classname="HappyFlow.AddProductsToCart"/>
  <testcase name="verifyFinalTotalprice" time="0.090" classname="HappyFlow.AddProductsToCart"/>
  <testcase name="addProductsToCart" time="18.468" classname="HappyFlow.AddProductsToCart"/>
  <testcase name="testLogin" time="3.088" classname="HappyFlow.AddProductsToCart"/>
  <testcase name="loadURL" time="9.340" classname="HappyFlow.AddProductsToCart"/>
</testsuite> <!-- HappyFlow.AddProductsToCart -->
