<?xml version="1.0" encoding="UTF-8"?>
<!-- Generated by org.testng.reporters.JUnitReportReporter -->
<testsuite hostname="Admin-PC" name="HappyFlow.LoginLogout" tests="3" failures="0" timestamp="26 Oct 2019 20:56:06 GMT" time="15.353" errors="0">
  <testcase name="loadURL" time="8.855" classname="HappyFlow.LoginLogout"/>
  <testcase name="testLogOut" time="3.429" classname="HappyFlow.LoginLogout"/>
  <testcase name="testLogin" time="3.069" classname="HappyFlow.LoginLogout"/>
</testsuite> <!-- HappyFlow.LoginLogout -->
