<?xml version="1.0" encoding="UTF-8"?>
<!-- Generated by org.testng.reporters.JUnitReportReporter -->
<testsuite hostname="Admin-PC" name="Assignments.Assignment2" tests="7" failures="0" timestamp="28 Jul 2019 01:58:01 GMT" time="10.831" errors="0">
  <testcase name="selectFifthStar" time="0.172" classname="Assignments.Assignment2"/>
  <testcase name="checkStarGlitOnMouseHover" time="0.027" classname="Assignments.Assignment2"/>
  <testcase name="selectHealthDropdownMenu" time="0.391" classname="Assignments.Assignment2"/>
  <testcase name="hoverMouseOnStar" time="0.102" classname="Assignments.Assignment2"/>
  <testcase name="clickOnSubmit" time="0.121" classname="Assignments.Assignment2"/>
  <testcase name="loginWalletHub" time="8.035" classname="Assignments.Assignment2"/>
  <testcase name="writeReviewComments" time="1.983" classname="Assignments.Assignment2"/>
</testsuite> <!-- Assignments.Assignment2 -->
