<?xml version="1.0" encoding="UTF-8"?>
<!-- Generated by org.testng.reporters.JUnitReportReporter -->
<testsuite hostname="Admin-PC" name="UnhappyFlow.Login" tests="2" failures="0" timestamp="27 Oct 2019 12:31:25 GMT" time="15.524" errors="0">
  <testcase name="loadURL" time="10.204" classname="UnhappyFlow.Login"/>
  <testcase name="testLogin" time="5.320" classname="UnhappyFlow.Login"/>
</testsuite> <!-- UnhappyFlow.Login -->
