<?xml version="1.0" encoding="UTF-8"?>
<!-- Generated by org.testng.reporters.JUnitReportReporter -->
<testsuite hostname="Admin-PC" name="Assignments.Flow1" tests="2" failures="0" timestamp="24 Oct 2019 05:51:33 GMT" time="17.389" errors="0">
  <testcase name="createAccount" time="5.954" classname="Assignments.Flow1"/>
  <testcase name="loadURL" time="11.435" classname="Assignments.Flow1"/>
</testsuite> <!-- Assignments.Flow1 -->
