<?xml version="1.0" encoding="UTF-8"?>
<!-- Generated by org.testng.reporters.JUnitReportReporter -->
<testsuite hostname="Admin-PC" name="HappyFlow.CreateAccount" tests="2" failures="0" timestamp="24 Oct 2019 10:38:01 GMT" time="30.076" errors="0">
  <testcase name="loadURL" time="19.156" classname="HappyFlow.CreateAccount"/>
  <testcase name="createAccount" time="10.920" classname="HappyFlow.CreateAccount"/>
</testsuite> <!-- HappyFlow.CreateAccount -->
